This is XeTeX, Version 3.14159265-2.6-0.99999 (TeX Live 2018) (preloaded format=xelatex 2021.2.20)  20 FEB 2021 12:57
entering extended mode
 restricted \write18 enabled.
 file:line:error style messages enabled.
 %&-line parsing enabled.
**/Users/luvletteru/Documents/GitHub/ICPC-Code-Template-in-Latex/__latexindent_temp
(/Users/luvletteru/Documents/GitHub/ICPC-Code-Template-in-Latex/__latexindent_temp.tex
LaTeX2e <2018-12-01>
)
! Emergency stop.
<*> ...C-Code-Template-in-Latex/__latexindent_temp
                                                  
*** (job aborted, no legal \end found)

 
Here is how much of TeX's memory you used:
 5 strings out of 492933
 273 string characters out of 6133145
 64308 words of memory out of 5000000
 4143 multiletter control sequences out of 15000+600000
 3640 words of font info for 14 fonts, out of 8000000 for 9000
 1348 hyphenation exceptions out of 8191
 4i,0n,1p,1b,8s stack positions out of 5000i,500n,10000p,200000b,80000s
No pages of output.
